<?xml version="1.0" encoding="UTF-8"?>
<!-- Generated by org.testng.reporters.JUnitReportReporter -->
<testsuite hostname="DESKTOP-2OO2M0C" failures="0" tests="1" name="runner.TestRunner" time="27.719" errors="0" timestamp="2025-07-09T11:44:42 IST" skipped="0">
  <testcase classname="runner.TestRunner" name="runScenario" time="27.719"/>
  <system-out/>
</testsuite> <!-- runner.TestRunner -->
